I, [2015-03-02T06:49:22.925962 #25244]  INFO -- Kitchen: -----> Starting Kitchen (v1.3.1)
E, [2015-03-02T06:49:23.824641 #25244] ERROR -- Kitchen: 
No instances for regex `default-centos65', try running `kitchen list'


I, [2015-03-02T06:50:14.490772 #21856]  INFO -- Kitchen: -----> Starting Kitchen (v1.3.1)
I, [2015-03-02T06:50:15.302935 #21856]  INFO -- Kitchen: -----> Creating <default-centos65>...
E, [2015-03-02T06:50:21.821238 #21856] ERROR -- Kitchen: ------Exception-------
E, [2015-03-02T06:50:21.821738 #21856] ERROR -- Kitchen: Class: Kitchen::ActionFailed
E, [2015-03-02T06:50:21.821738 #21856] ERROR -- Kitchen: Message: Failed to complete #create action: [Expected process to exit with [0], but received '1'
---- Begin output of vagrant up --no-provision --provider=virtualbox ----
STDOUT: Bringing machine 'default' up with 'virtualbox' provider...
==> default: Box 'opscode-centos65' could not be found. Attempting to find and install...
    default: Box Provider: virtualbox
    default: Box Version: >= 0
==> default: Adding box 'opscode-centos65' (v0) for provider: virtualbox
    default: Downloading: https://opscode-vm-bento.s3.amazonaws.com/vagrant/virtualbox/opscode_centos65_chef-provisionerless.box
[K    default: Progress: 0% (Rate: 0/s, Estimated time remaining: --:--:--)[K    default:
STDERR: An error occurred while downloading the remote file. The error
message, if any, is reproduced below. Please fix this error and try
again.

The requested URL returned error: 404 Not Found
---- End output of vagrant up --no-provision --provider=virtualbox ----
Ran vagrant up --no-provision --provider=virtualbox returned 1]
E, [2015-03-02T06:50:21.821738 #21856] ERROR -- Kitchen: ---Nested Exception---
E, [2015-03-02T06:50:21.821738 #21856] ERROR -- Kitchen: Class: Kitchen::ShellOut::ShellCommandFailed
E, [2015-03-02T06:50:21.821738 #21856] ERROR -- Kitchen: Message: Expected process to exit with [0], but received '1'
---- Begin output of vagrant up --no-provision --provider=virtualbox ----
STDOUT: Bringing machine 'default' up with 'virtualbox' provider...
==> default: Box 'opscode-centos65' could not be found. Attempting to find and install...
    default: Box Provider: virtualbox
    default: Box Version: >= 0
==> default: Adding box 'opscode-centos65' (v0) for provider: virtualbox
    default: Downloading: https://opscode-vm-bento.s3.amazonaws.com/vagrant/virtualbox/opscode_centos65_chef-provisionerless.box
[K    default: Progress: 0% (Rate: 0/s, Estimated time remaining: --:--:--)[K    default:
STDERR: An error occurred while downloading the remote file. The error
message, if any, is reproduced below. Please fix this error and try
again.

The requested URL returned error: 404 Not Found
---- End output of vagrant up --no-provision --provider=virtualbox ----
Ran vagrant up --no-provision --provider=virtualbox returned 1
E, [2015-03-02T06:50:21.821738 #21856] ERROR -- Kitchen: ------Backtrace-------
E, [2015-03-02T06:50:21.821738 #21856] ERROR -- Kitchen: C:/opscode/chef/embedded/lib/ruby/gems/1.9.1/gems/test-kitchen-1.3.1/lib/kitchen/shell_out.rb:69:in `rescue in run_command'
E, [2015-03-02T06:50:21.821738 #21856] ERROR -- Kitchen: C:/opscode/chef/embedded/lib/ruby/gems/1.9.1/gems/test-kitchen-1.3.1/lib/kitchen/shell_out.rb:59:in `run_command'
E, [2015-03-02T06:50:21.821738 #21856] ERROR -- Kitchen: C:/opscode/chef/embedded/lib/ruby/gems/1.9.1/gems/test-kitchen-1.3.1/lib/kitchen/driver/base.rb:182:in `run_command'
E, [2015-03-02T06:50:21.821738 #21856] ERROR -- Kitchen: C:/opscode/chef/embedded/lib/ruby/gems/1.9.1/gems/kitchen-vagrant-0.15.0/lib/kitchen/driver/vagrant.rb:123:in `run'
E, [2015-03-02T06:50:21.822238 #21856] ERROR -- Kitchen: C:/opscode/chef/embedded/lib/ruby/gems/1.9.1/gems/kitchen-vagrant-0.15.0/lib/kitchen/driver/vagrant.rb:68:in `create'
E, [2015-03-02T06:50:21.822238 #21856] ERROR -- Kitchen: C:/opscode/chef/embedded/lib/ruby/gems/1.9.1/gems/test-kitchen-1.3.1/lib/kitchen/instance.rb:352:in `public_send'
E, [2015-03-02T06:50:21.822238 #21856] ERROR -- Kitchen: C:/opscode/chef/embedded/lib/ruby/gems/1.9.1/gems/test-kitchen-1.3.1/lib/kitchen/instance.rb:352:in `block in perform_action'
E, [2015-03-02T06:50:21.822238 #21856] ERROR -- Kitchen: C:/opscode/chef/embedded/lib/ruby/gems/1.9.1/gems/test-kitchen-1.3.1/lib/kitchen/instance.rb:413:in `call'
E, [2015-03-02T06:50:21.822238 #21856] ERROR -- Kitchen: C:/opscode/chef/embedded/lib/ruby/gems/1.9.1/gems/test-kitchen-1.3.1/lib/kitchen/instance.rb:413:in `block in synchronize_or_call'
E, [2015-03-02T06:50:21.822238 #21856] ERROR -- Kitchen: <internal:prelude>:10:in `synchronize'
E, [2015-03-02T06:50:21.822238 #21856] ERROR -- Kitchen: C:/opscode/chef/embedded/lib/ruby/gems/1.9.1/gems/test-kitchen-1.3.1/lib/kitchen/instance.rb:411:in `synchronize_or_call'
E, [2015-03-02T06:50:21.822238 #21856] ERROR -- Kitchen: C:/opscode/chef/embedded/lib/ruby/gems/1.9.1/gems/test-kitchen-1.3.1/lib/kitchen/instance.rb:381:in `block in action'
E, [2015-03-02T06:50:21.822238 #21856] ERROR -- Kitchen: C:/opscode/chef/embedded/lib/ruby/1.9.1/benchmark.rb:280:in `measure'
E, [2015-03-02T06:50:21.822238 #21856] ERROR -- Kitchen: C:/opscode/chef/embedded/lib/ruby/gems/1.9.1/gems/test-kitchen-1.3.1/lib/kitchen/instance.rb:380:in `action'
E, [2015-03-02T06:50:21.822238 #21856] ERROR -- Kitchen: C:/opscode/chef/embedded/lib/ruby/gems/1.9.1/gems/test-kitchen-1.3.1/lib/kitchen/instance.rb:352:in `perform_action'
E, [2015-03-02T06:50:21.822238 #21856] ERROR -- Kitchen: C:/opscode/chef/embedded/lib/ruby/gems/1.9.1/gems/test-kitchen-1.3.1/lib/kitchen/instance.rb:303:in `create_action'
E, [2015-03-02T06:50:21.822739 #21856] ERROR -- Kitchen: C:/opscode/chef/embedded/lib/ruby/gems/1.9.1/gems/test-kitchen-1.3.1/lib/kitchen/instance.rb:292:in `block in transition_to'
E, [2015-03-02T06:50:21.822739 #21856] ERROR -- Kitchen: C:/opscode/chef/embedded/lib/ruby/gems/1.9.1/gems/test-kitchen-1.3.1/lib/kitchen/instance.rb:291:in `each'
E, [2015-03-02T06:50:21.822739 #21856] ERROR -- Kitchen: C:/opscode/chef/embedded/lib/ruby/gems/1.9.1/gems/test-kitchen-1.3.1/lib/kitchen/instance.rb:291:in `transition_to'
E, [2015-03-02T06:50:21.822739 #21856] ERROR -- Kitchen: C:/opscode/chef/embedded/lib/ruby/gems/1.9.1/gems/test-kitchen-1.3.1/lib/kitchen/instance.rb:130:in `converge'
E, [2015-03-02T06:50:21.822739 #21856] ERROR -- Kitchen: C:/opscode/chef/embedded/lib/ruby/gems/1.9.1/gems/test-kitchen-1.3.1/lib/kitchen/command.rb:176:in `public_send'
E, [2015-03-02T06:50:21.822739 #21856] ERROR -- Kitchen: C:/opscode/chef/embedded/lib/ruby/gems/1.9.1/gems/test-kitchen-1.3.1/lib/kitchen/command.rb:176:in `block (2 levels) in run_action'
E, [2015-03-02T06:50:21.822739 #21856] ERROR -- Kitchen: ----------------------
I, [2015-03-02T07:00:48.996148 #27620]  INFO -- Kitchen: -----> Starting Kitchen (v1.3.1)
I, [2015-03-02T07:00:49.877824 #27620]  INFO -- Kitchen: -----> Creating <default-centos65>...
I, [2015-03-02T07:02:00.856517 #27620]  INFO -- Kitchen: -----> Converging <default-centos65>...
E, [2015-03-02T07:04:10.743490 #27620] ERROR -- Kitchen: Converge failed on instance <default-centos65>.
I, [2015-03-02T07:09:24.522233 #27128]  INFO -- Kitchen: -----> Starting Kitchen (v1.3.1)
I, [2015-03-02T07:09:25.497428 #27128]  INFO -- Kitchen: -----> Converging <default-centos65>...
I, [2015-03-02T07:15:37.482810 #27128]  INFO -- Kitchen: -----> Kitchen is finished. (6m12.96s)
