I, [2015-03-02T06:25:23.208576 #26648]  INFO -- Kitchen: -----> Starting Kitchen (v1.3.1)
I, [2015-03-02T06:25:24.129260 #26648]  INFO -- Kitchen: -----> Creating <default-centos65>...
I, [2015-03-02T06:26:30.091450 #26648]  INFO -- Kitchen: -----> Converging <default-centos65>...
E, [2015-03-02T06:28:04.666361 #26648] ERROR -- Kitchen: Converge failed on instance <default-centos65>.
I, [2015-03-02T06:41:49.773349 #21556]  INFO -- Kitchen: -----> Starting Kitchen (v1.3.1)
I, [2015-03-02T06:41:50.662027 #21556]  INFO -- Kitchen: -----> Converging <default-centos65>...
E, [2015-03-02T06:42:05.365967 #21556] ERROR -- Kitchen: Converge failed on instance <default-centos65>.
I, [2015-03-02T06:44:54.118711 #26992]  INFO -- Kitchen: -----> Starting Kitchen (v1.3.1)
I, [2015-03-02T06:44:55.014390 #26992]  INFO -- Kitchen: -----> Converging <default-centos65>...
E, [2015-03-02T06:45:09.891365 #26992] ERROR -- Kitchen: Converge failed on instance <default-centos65>.
I, [2015-03-02T07:19:09.260657 #28416]  INFO -- Kitchen: -----> Starting Kitchen (v1.3.1)
I, [2015-03-02T07:19:10.259857 #28416]  INFO -- Kitchen: -----> Converging <default-centos65>...
E, [2015-03-02T07:19:25.249854 #28416] ERROR -- Kitchen: Converge failed on instance <default-centos65>.
I, [2015-03-02T07:20:59.703741 #27728]  INFO -- Kitchen: -----> Starting Kitchen (v1.3.1)
I, [2015-03-02T07:21:00.530907 #27728]  INFO -- Kitchen: -----> Converging <default-centos65>...
E, [2015-03-02T07:21:15.474895 #27728] ERROR -- Kitchen: Converge failed on instance <default-centos65>.
I, [2015-03-02T07:22:43.714539 #27360]  INFO -- Kitchen: -----> Starting Kitchen (v1.3.1)
I, [2015-03-02T07:22:44.607718 #27360]  INFO -- Kitchen: -----> Converging <default-centos65>...
E, [2015-03-02T07:23:45.584911 #27360] ERROR -- Kitchen: Converge failed on instance <default-centos65>.
I, [2015-03-02T07:31:18.543733 #25428]  INFO -- Kitchen: -----> Starting Kitchen (v1.3.1)
I, [2015-03-02T07:31:19.424409 #25428]  INFO -- Kitchen: -----> Converging <default-centos65>...
E, [2015-03-02T07:31:35.409106 #25428] ERROR -- Kitchen: Converge failed on instance <default-centos65>.
I, [2015-03-02T07:32:24.071836 #28500]  INFO -- Kitchen: -----> Starting Kitchen (v1.3.1)
I, [2015-03-02T07:32:24.901002 #28500]  INFO -- Kitchen: -----> Converging <default-centos65>...
E, [2015-03-02T07:32:48.355692 #28500] ERROR -- Kitchen: Converge failed on instance <default-centos65>.
I, [2015-03-02T07:39:34.259857 #24852]  INFO -- Kitchen: -----> Starting Kitchen (v1.3.1)
I, [2015-03-02T07:39:35.137032 #24852]  INFO -- Kitchen: -----> Converging <default-centos65>...
E, [2015-03-02T07:41:17.770555 #24852] ERROR -- Kitchen: Converge failed on instance <default-centos65>.
I, [2015-03-02T07:47:55.909166 #23416]  INFO -- Kitchen: -----> Starting Kitchen (v1.3.1)
I, [2015-03-02T07:47:56.832851 #23416]  INFO -- Kitchen: -----> Converging <default-centos65>...
I, [2015-03-02T07:48:15.403564 #23416]  INFO -- Kitchen: -----> Kitchen is finished. (0m19.49s)
I, [2015-03-02T08:00:55.987151 #27736]  INFO -- Kitchen: -----> Starting Kitchen (v1.3.1)
I, [2015-03-02T08:00:56.890831 #27736]  INFO -- Kitchen: -----> Converging <default-centos65>...
E, [2015-03-02T08:01:14.879428 #27736] ERROR -- Kitchen: Converge failed on instance <default-centos65>.
I, [2015-03-02T08:06:13.755192 #22064]  INFO -- Kitchen: -----> Starting Kitchen (v1.3.1)
I, [2015-03-02T08:06:14.626366 #22064]  INFO -- Kitchen: -----> Converging <default-centos65>...
I, [2015-03-02T08:06:33.648670 #22064]  INFO -- Kitchen: -----> Kitchen is finished. (0m19.89s)
I, [2015-03-02T08:57:55.109106 #27600]  INFO -- Kitchen: -----> Starting Kitchen (v1.3.1)
I, [2015-03-02T08:57:56.015287 #27600]  INFO -- Kitchen: -----> Converging <default-centos65>...
I, [2015-03-02T08:58:15.252134 #27600]  INFO -- Kitchen: -----> Kitchen is finished. (0m20.14s)
I, [2015-03-02T09:14:49.752494 #28224]  INFO -- Kitchen: -----> Starting Kitchen (v1.3.1)
I, [2015-03-02T09:14:50.633670 #28224]  INFO -- Kitchen: -----> Converging <default-centos65>...
I, [2015-03-02T09:15:10.101063 #28224]  INFO -- Kitchen: -----> Kitchen is finished. (0m20.35s)
I, [2015-03-02T09:21:38.445216 #26356]  INFO -- Kitchen: -----> Starting Kitchen (v1.3.1)
I, [2015-03-02T09:21:39.342896 #26356]  INFO -- Kitchen: -----> Converging <default-centos65>...
I, [2015-03-02T09:21:58.478222 #26356]  INFO -- Kitchen: -----> Kitchen is finished. (0m20.03s)
